生成启动时间为 2018/2/4 12:21:49。
     1>项目“C:\Users\zss\Documents\Visual Studio 2013\Projects\MB\MB\MB.vcxproj”在节点 2 上(Build 个目标)。
     1>ClCompile:
         E:\vs2013\VC\bin\CL.exe /c /Zi /nologo /W3 /WX- /sdl /O2 /Oi /Oy- /GL /D _MBCS /Gm- /EHsc /MD /GS /Gy /fp:precise /Zc:wchar_t /Zc:forScope /Fo"Release\\" /Fd"Release\vc120.pdb" /Gd /TP /analyze- /errorReport:prompt MSA.cpp "源.cpp"
         MSA.cpp
     1>c:\users\zss\documents\visual studio 2013\projects\mb\mb\MSA.h(4): warning C4244: “初始化”: 从“double”转换到“const int”，可能丢失数据
     1>MSA.cpp(98): warning C4244: “=”: 从“double”转换到“float”，可能丢失数据
     1>MSA.cpp(163): warning C4244: “参数”: 从“double”转换到“int”，可能丢失数据
     1>MSA.cpp(173): warning C4244: “初始化”: 从“double”转换到“int”，可能丢失数据
     1>MSA.cpp(203): warning C4244: “初始化”: 从“double”转换到“int”，可能丢失数据
     1>MSA.cpp(903): warning C4244: “初始化”: 从“double”转换到“int”，可能丢失数据
     1>MSA.cpp(904): warning C4244: “初始化”: 从“double”转换到“int”，可能丢失数据
     1>MSA.cpp(1088): warning C4244: “+=”: 从“double”转换到“float”，可能丢失数据
     1>MSA.cpp(1117): warning C4244: “=”: 从“double”转换到“float”，可能丢失数据
     1>MSA.cpp(1217): warning C4244: “=”: 从“int”转换到“float”，可能丢失数据
         源.cpp
     1>c:\users\zss\documents\visual studio 2013\projects\mb\mb\MSA.h(4): warning C4244: “初始化”: 从“double”转换到“const int”，可能丢失数据
       Link:
         E:\vs2013\VC\bin\link.exe /ERRORREPORT:PROMPT /OUT:"C:\Users\zss\Documents\Visual Studio 2013\Projects\MB\Release\MB.exe" /NOLOGO opencv_objdetect249.lib opencv_ts249.lib opencv_video249.lib opencv_nonfree249.lib opencv_ocl249.lib opencv_photo249.lib opencv_stitching249.lib opencv_superres249.lib opencv_videostab249.lib opencv_calib3d249.lib opencv_contrib249.lib opencv_core249.lib opencv_features2d249.lib opencv_flann249.lib opencv_gpu249.lib opencv_highgui249.lib opencv_imgproc249.lib opencv_legacy249.lib opencv_ml249.lib kernel32.lib user32.lib gdi32.lib winspool.lib comdlg32.lib advapi32.lib shell32.lib ole32.lib oleaut32.lib uuid.lib odbc32.lib odbccp32.lib /MANIFEST /MANIFESTUAC:"level='asInvoker' uiAccess='false'" /manifest:embed /DEBUG /PDB:"C:\Users\zss\Documents\Visual Studio 2013\Projects\MB\Release\MB.pdb" /OPT:REF /OPT:ICF /LTCG /TLBID:1 /DYNAMICBASE /NXCOMPAT /IMPLIB:"C:\Users\zss\Documents\Visual Studio 2013\Projects\MB\Release\MB.lib" /MACHINE:X86 /SAFESEH Release\ctmf.obj
         Release\MSA.obj
         "Release\源.obj"
         正在生成代码
         已完成代码的生成
         MB.vcxproj -> C:\Users\zss\Documents\Visual Studio 2013\Projects\MB\Release\MB.exe
     1>已完成生成项目“C:\Users\zss\Documents\Visual Studio 2013\Projects\MB\MB\MB.vcxproj”(Build 个目标)的操作。

生成成功。

已用时间 00:00:01.75
